update-alternatives 2019-03-07 21:00:29: run with --quiet --install /usr/bin/awk awk /usr/bin/mawk 5 --slave /usr/share/man/man1/awk.1.gz awk.1.gz /usr/share/man/man1/mawk.1.gz --slave /usr/bin/nawk nawk /usr/bin/mawk --slave /usr/share/man/man1/nawk.1.gz nawk.1.gz /usr/share/man/man1/mawk.1.gz
update-alternatives 2019-03-07 21:00:29: link group awk updated to point to /usr/bin/mawk
update-alternatives 2019-03-07 21:00:33: run with --quiet --install /usr/bin/awk awk /usr/bin/mawk 5 --slave /usr/share/man/man1/awk.1.gz awk.1.gz /usr/share/man/man1/mawk.1.gz --slave /usr/bin/nawk nawk /usr/bin/mawk --slave /usr/share/man/man1/nawk.1.gz nawk.1.gz /usr/share/man/man1/mawk.1.gz
update-alternatives 2019-03-07 21:00:34: run with --install /usr/share/man/man7/builtins.7.gz builtins.7.gz /usr/share/man/man7/bash-builtins.7.gz 10
update-alternatives 2019-03-07 21:00:34: link group builtins.7.gz updated to point to /usr/share/man/man7/bash-builtins.7.gz
update-alternatives 2019-03-07 21:00:34: run with --install /usr/sbin/rmt rmt /usr/sbin/rmt-tar 50 --slave /usr/share/man/man8/rmt.8.gz rmt.8.gz /usr/share/man/man8/rmt-tar.8.gz
update-alternatives 2019-03-07 21:00:34: link group rmt updated to point to /usr/sbin/rmt-tar
update-alternatives 2019-03-07 21:00:34: run with --install /usr/bin/pager pager /bin/more 50 --slave /usr/share/man/man1/pager.1.gz pager.1.gz /usr/share/man/man1/more.1.gz
update-alternatives 2019-03-07 21:00:34: link group pager updated to point to /bin/more
update-alternatives 2019-03-07 21:00:34: run with --remove pager /usr/bin/pg
update-alternatives 2019-03-07 21:00:34: run with --install /usr/bin/w w /usr/bin/w.procps 50 --slave /usr/share/man/man1/w.1.gz w.1.gz /usr/share/man/man1/w.procps.1.gz
update-alternatives 2019-03-07 21:00:34: link group w updated to point to /usr/bin/w.procps
update-alternatives 2019-03-07 21:00:41: run with --quiet --install /usr/bin/awk awk /usr/bin/mawk 5 --slave /usr/share/man/man1/awk.1.gz awk.1.gz /usr/share/man/man1/mawk.1.gz --slave /usr/bin/nawk nawk /usr/bin/mawk --slave /usr/share/man/man1/nawk.1.gz nawk.1.gz /usr/share/man/man1/mawk.1.gz
update-alternatives 2019-03-07 21:00:41: auto-repair link group awk
update-alternatives 2019-03-07 21:00:42: run with --remove builtins.7.gz /usr/share/man/man7/bash-builtins.7.gz
update-alternatives 2019-03-07 21:00:42: link group builtins.7.gz fully removed
update-alternatives 2019-03-07 21:00:46: run with --install /usr/sbin/rmt rmt /usr/sbin/rmt-tar 50 --slave /usr/share/man/man8/rmt.8.gz rmt.8.gz /usr/share/man/man8/rmt-tar.8.gz
update-alternatives 2019-03-07 21:00:46: auto-repair link group rmt
update-alternatives 2019-03-07 21:00:56: run with --install /usr/bin/pager pager /bin/more 50 --slave /usr/share/man/man1/pager.1.gz pager.1.gz /usr/share/man/man1/more.1.gz
update-alternatives 2019-03-07 21:00:56: auto-repair link group pager
update-alternatives 2019-03-07 21:00:56: run with --remove pager /usr/bin/pg
update-alternatives 2019-03-07 21:01:04: run with --install /usr/bin/w w /usr/bin/w.procps 50 --slave /usr/share/man/man1/w.1.gz w.1.gz /usr/share/man/man1/w.procps.1.gz
update-alternatives 2019-03-07 21:01:04: auto-repair link group w
update-alternatives 2019-03-07 21:01:08: run with --install /usr/sbin/rmt rmt /usr/sbin/rmt-tar 50 --slave /usr/share/man/man8/rmt.8.gz rmt.8.gz /usr/share/man/man8/rmt-tar.8.gz
update-alternatives 2019-03-07 21:01:10: run with --install /usr/bin/pager pager /bin/more 50 --slave /usr/share/man/man1/pager.1.gz pager.1.gz /usr/share/man/man1/more.1.gz
update-alternatives 2019-03-07 21:01:10: run with --remove pager /usr/bin/pg
update-alternatives 2019-03-07 21:01:12: run with --install /usr/bin/w w /usr/bin/w.procps 50 --slave /usr/share/man/man1/w.1.gz w.1.gz /usr/share/man/man1/w.procps.1.gz
update-alternatives 2019-03-12 01:09:41: run with --install /usr/bin/lzma lzma /usr/bin/xz 20 --slave /usr/share/man/man1/lzma.1.gz lzma.1.gz /usr/share/man/man1/xz.1.gz --slave /usr/bin/unlzma unlzma /usr/bin/unxz --slave /usr/share/man/man1/unlzma.1.gz unlzma.1.gz /usr/share/man/man1/unxz.1.gz --slave /usr/bin/lzcat lzcat /usr/bin/xzcat --slave /usr/share/man/man1/lzcat.1.gz lzcat.1.gz /usr/share/man/man1/xzcat.1.gz --slave /usr/bin/lzmore lzmore /usr/bin/xzmore --slave /usr/share/man/man1/lzmore.1.gz lzmore.1.gz /usr/share/man/man1/xzmore.1.gz --slave /usr/bin/lzless lzless /usr/bin/xzless --slave /usr/share/man/man1/lzless.1.gz lzless.1.gz /usr/share/man/man1/xzless.1.gz --slave /usr/bin/lzdiff lzdiff /usr/bin/xzdiff --slave /usr/share/man/man1/lzdiff.1.gz lzdiff.1.gz /usr/share/man/man1/xzdiff.1.gz --slave /usr/bin/lzcmp lzcmp /usr/bin/xzcmp --slave /usr/share/man/man1/lzcmp.1.gz lzcmp.1.gz /usr/share/man/man1/xzcmp.1.gz --slave /usr/bin/lzgrep lzgrep /usr/bin/xzgrep --slave /usr/share/man/man1/lzgrep.1.gz lzgrep.1.gz /usr/share/man/man1/xzgrep.1.gz --slave /usr/bin/lzegrep lzegrep /usr/bin/xzegrep --slave /usr/share/man/man1/lzegrep.1.gz lzegrep.1.gz /usr/share/man/man1/xzegrep.1.gz --slave /usr/bin/lzfgrep lzfgrep /usr/bin/xzfgrep --slave /usr/share/man/man1/lzfgrep.1.gz lzfgrep.1.gz /usr/share/man/man1/xzfgrep.1.gz
update-alternatives 2019-03-12 01:09:41: link group lzma updated to point to /usr/bin/xz
update-alternatives 2019-03-12 01:09:42: run with --quiet --install /usr/bin/pinentry pinentry /usr/bin/pinentry-curses 50 --slave /usr/share/man/man1/pinentry.1.gz pinentry.1.gz /usr/share/man/man1/pinentry-curses.1.gz
update-alternatives 2019-03-12 01:09:42: link group pinentry updated to point to /usr/bin/pinentry-curses
update-alternatives 2019-03-12 01:10:25: run with --install /usr/bin/bzr bzr /usr/bin/bzr.bzr 23 --slave /usr/share/man/man1/bzr.1.gz bzr.1.gz /usr/share/man/man1/bzr.bzr.1.gz
update-alternatives 2019-03-12 01:10:25: link group bzr updated to point to /usr/bin/bzr.bzr
update-alternatives 2019-03-12 01:10:27: run with --install /usr/bin/rst-buildhtml rst-buildhtml /usr/share/docutils/scripts/python2/rst-buildhtml 30
update-alternatives 2019-03-12 01:10:27: link group rst-buildhtml updated to point to /usr/share/docutils/scripts/python2/rst-buildhtml
update-alternatives 2019-03-12 01:10:27: run with --install /usr/bin/rst2html rst2html /usr/share/docutils/scripts/python2/rst2html 30
update-alternatives 2019-03-12 01:10:27: link group rst2html updated to point to /usr/share/docutils/scripts/python2/rst2html
update-alternatives 2019-03-12 01:10:27: run with --install /usr/bin/rst2html4 rst2html4 /usr/share/docutils/scripts/python2/rst2html4 30
update-alternatives 2019-03-12 01:10:27: link group rst2html4 updated to point to /usr/share/docutils/scripts/python2/rst2html4
update-alternatives 2019-03-12 01:10:27: run with --install /usr/bin/rst2html5 rst2html5 /usr/share/docutils/scripts/python2/rst2html5 30
update-alternatives 2019-03-12 01:10:27: link group rst2html5 updated to point to /usr/share/docutils/scripts/python2/rst2html5
update-alternatives 2019-03-12 01:10:27: run with --install /usr/bin/rst2latex rst2latex /usr/share/docutils/scripts/python2/rst2latex 30
update-alternatives 2019-03-12 01:10:27: link group rst2latex updated to point to /usr/share/docutils/scripts/python2/rst2latex
update-alternatives 2019-03-12 01:10:27: run with --install /usr/bin/rst2man rst2man /usr/share/docutils/scripts/python2/rst2man 30
update-alternatives 2019-03-12 01:10:27: link group rst2man updated to point to /usr/share/docutils/scripts/python2/rst2man
update-alternatives 2019-03-12 01:10:27: run with --install /usr/bin/rst2odt rst2odt /usr/share/docutils/scripts/python2/rst2odt 30
update-alternatives 2019-03-12 01:10:27: link group rst2odt updated to point to /usr/share/docutils/scripts/python2/rst2odt
update-alternatives 2019-03-12 01:10:27: run with --install /usr/bin/rst2odt_prepstyles rst2odt_prepstyles /usr/share/docutils/scripts/python2/rst2odt_prepstyles 30
update-alternatives 2019-03-12 01:10:27: link group rst2odt_prepstyles updated to point to /usr/share/docutils/scripts/python2/rst2odt_prepstyles
update-alternatives 2019-03-12 01:10:27: run with --install /usr/bin/rst2pseudoxml rst2pseudoxml /usr/share/docutils/scripts/python2/rst2pseudoxml 30
update-alternatives 2019-03-12 01:10:27: link group rst2pseudoxml updated to point to /usr/share/docutils/scripts/python2/rst2pseudoxml
update-alternatives 2019-03-12 01:10:27: run with --install /usr/bin/rst2s5 rst2s5 /usr/share/docutils/scripts/python2/rst2s5 30
update-alternatives 2019-03-12 01:10:27: link group rst2s5 updated to point to /usr/share/docutils/scripts/python2/rst2s5
update-alternatives 2019-03-12 01:10:27: run with --install /usr/bin/rst2xetex rst2xetex /usr/share/docutils/scripts/python2/rst2xetex 30
update-alternatives 2019-03-12 01:10:27: link group rst2xetex updated to point to /usr/share/docutils/scripts/python2/rst2xetex
update-alternatives 2019-03-12 01:10:27: run with --install /usr/bin/rst2xml rst2xml /usr/share/docutils/scripts/python2/rst2xml 30
update-alternatives 2019-03-12 01:10:27: link group rst2xml updated to point to /usr/share/docutils/scripts/python2/rst2xml
update-alternatives 2019-03-12 01:10:27: run with --install /usr/bin/rstpep2html rstpep2html /usr/share/docutils/scripts/python2/rstpep2html 30
update-alternatives 2019-03-12 01:10:27: link group rstpep2html updated to point to /usr/share/docutils/scripts/python2/rstpep2html
update-alternatives 2019-03-12 01:13:28: run with --install /etc/mysql/my.cnf my.cnf /etc/mysql/my.cnf.fallback 100
update-alternatives 2019-03-12 01:13:28: link group my.cnf updated to point to /etc/mysql/my.cnf.fallback
update-alternatives 2019-03-12 01:13:28: run with --install /usr/lib/x86_64-linux-gnu/libpsm_infinipath.so.1 libpsm_infinipath.so.1 /usr/lib/libpsm1/libpsm_infinipath.so.1.16 40
update-alternatives 2019-03-12 01:13:28: link group libpsm_infinipath.so.1 updated to point to /usr/lib/libpsm1/libpsm_infinipath.so.1.16
update-alternatives 2019-03-12 01:13:28: run with --install /usr/lib/x86_64-linux-gnu/libblas.so.3 libblas.so.3-x86_64-linux-gnu /usr/lib/x86_64-linux-gnu/blas/libblas.so.3 10
update-alternatives 2019-03-12 01:13:28: link group libblas.so.3-x86_64-linux-gnu updated to point to /usr/lib/x86_64-linux-gnu/blas/libblas.so.3
update-alternatives 2019-03-12 01:13:36: run with --install /usr/lib/x86_64-linux-gnu/liblapack.so.3 liblapack.so.3-x86_64-linux-gnu /usr/lib/x86_64-linux-gnu/lapack/liblapack.so.3 10
update-alternatives 2019-03-12 01:13:36: link group liblapack.so.3-x86_64-linux-gnu updated to point to /usr/lib/x86_64-linux-gnu/lapack/liblapack.so.3
update-alternatives 2019-03-12 01:13:36: run with --install /usr/bin/fakeroot fakeroot /usr/bin/fakeroot-sysv 50 --slave /usr/share/man/man1/fakeroot.1.gz fakeroot.1.gz /usr/share/man/man1/fakeroot-sysv.1.gz --slave /usr/share/man/man1/faked.1.gz faked.1.gz /usr/share/man/man1/faked-sysv.1.gz --slave /usr/share/man/es/man1/fakeroot.1.gz fakeroot.es.1.gz /usr/share/man/es/man1/fakeroot-sysv.1.gz --slave /usr/share/man/es/man1/faked.1.gz faked.es.1.gz /usr/share/man/es/man1/faked-sysv.1.gz --slave /usr/share/man/fr/man1/fakeroot.1.gz fakeroot.fr.1.gz /usr/share/man/fr/man1/fakeroot-sysv.1.gz --slave /usr/share/man/fr/man1/faked.1.gz faked.fr.1.gz /usr/share/man/fr/man1/faked-sysv.1.gz --slave /usr/share/man/sv/man1/fakeroot.1.gz fakeroot.sv.1.gz /usr/share/man/sv/man1/fakeroot-sysv.1.gz --slave /usr/share/man/sv/man1/faked.1.gz faked.sv.1.gz /usr/share/man/sv/man1/faked-sysv.1.gz
update-alternatives 2019-03-12 01:13:36: link group fakeroot updated to point to /usr/bin/fakeroot-sysv
update-alternatives 2019-03-12 01:13:36: run with --install /usr/bin/fakeroot fakeroot /usr/bin/fakeroot-tcp 30 --slave /usr/share/man/man1/fakeroot.1.gz fakeroot.1.gz /usr/share/man/man1/fakeroot-tcp.1.gz --slave /usr/share/man/man1/faked.1.gz faked.1.gz /usr/share/man/man1/faked-tcp.1.gz --slave /usr/share/man/es/man1/fakeroot.1.gz fakeroot.es.1.gz /usr/share/man/es/man1/fakeroot-tcp.1.gz --slave /usr/share/man/es/man1/faked.1.gz faked.es.1.gz /usr/share/man/es/man1/faked-tcp.1.gz --slave /usr/share/man/fr/man1/fakeroot.1.gz fakeroot.fr.1.gz /usr/share/man/fr/man1/fakeroot-tcp.1.gz --slave /usr/share/man/fr/man1/faked.1.gz faked.fr.1.gz /usr/share/man/fr/man1/faked-tcp.1.gz --slave /usr/share/man/sv/man1/fakeroot.1.gz fakeroot.sv.1.gz /usr/share/man/sv/man1/fakeroot-tcp.1.gz --slave /usr/share/man/sv/man1/faked.1.gz faked.sv.1.gz /usr/share/man/sv/man1/faked-tcp.1.gz
update-alternatives 2019-03-12 01:13:39: run with --quiet --install /lib/cpp cpp /usr/bin/cpp 10
update-alternatives 2019-03-12 01:13:39: link group cpp updated to point to /usr/bin/cpp
update-alternatives 2019-03-12 01:13:41: run with --quiet --install /usr/bin/cc cc /usr/bin/gcc 20 --slave /usr/share/man/man1/cc.1.gz cc.1.gz /usr/share/man/man1/gcc.1.gz
update-alternatives 2019-03-12 01:13:41: link group cc updated to point to /usr/bin/gcc
update-alternatives 2019-03-12 01:13:41: run with --quiet --install /usr/bin/c89 c89 /usr/bin/c89-gcc 20 --slave /usr/share/man/man1/c89.1.gz c89.1.gz /usr/share/man/man1/c89-gcc.1.gz
update-alternatives 2019-03-12 01:13:41: link group c89 updated to point to /usr/bin/c89-gcc
update-alternatives 2019-03-12 01:13:41: run with --quiet --install /usr/bin/c99 c99 /usr/bin/c99-gcc 20 --slave /usr/share/man/man1/c99.1.gz c99.1.gz /usr/share/man/man1/c99-gcc.1.gz
update-alternatives 2019-03-12 01:13:41: link group c99 updated to point to /usr/bin/c99-gcc
update-alternatives 2019-03-12 01:13:41: run with --install /usr/bin/c++ c++ /usr/bin/g++ 20 --slave /usr/share/man/man1/c++.1.gz c++.1.gz /usr/share/man/man1/g++.1.gz
update-alternatives 2019-03-12 01:13:41: link group c++ updated to point to /usr/bin/g++
update-alternatives 2019-03-12 01:13:41: run with --install /usr/include/mpi mpi /usr/lib/x86_64-linux-gnu/openmpi/include 50 --slave /usr/lib/x86_64-linux-gnu/libmpi.so libmpi.so /usr/lib/x86_64-linux-gnu/openmpi/lib/libmpi.so --slave /usr/lib/x86_64-linux-gnu/libmpi++.so libmpi++.so /usr/lib/x86_64-linux-gnu/openmpi/lib/libmpi_cxx.so --slave /usr/bin/mpicc mpicc /usr/bin/mpicc.openmpi --slave /usr/bin/mpic++ mpic++ /usr/bin/mpic++.openmpi --slave /usr/bin/mpicxx mpicxx /usr/bin/mpic++.openmpi --slave /usr/bin/mpiCC mpiCC /usr/bin/mpic++.openmpi --slave /usr/bin/mpif77 mpif77 /usr/bin/mpif77.openmpi --slave /usr/bin/mpif90 mpif90 /usr/bin/mpif90.openmpi --slave /usr/bin/mpifort mpifort /usr/bin/mpifort.openmpi --slave /usr/share/man/man1/mpicc.1.gz mpicc.1.gz /usr/share/man/man1/mpicc.openmpi.1.gz --slave /usr/share/man/man1/mpic++.1.gz mpic++.1.gz /usr/share/man/man1/mpic++.openmpi.1.gz --slave /usr/share/man/man1/mpicxx.1.gz mpicxx.1.gz /usr/share/man/man1/mpicxx.openmpi.1.gz --slave /usr/share/man/man1/mpiCC.1.gz mpiCC.1.gz /usr/share/man/man1/mpiCC.openmpi.1.gz --slave /usr/share/man/man1/mpif77.1.gz mpif77.1.gz /usr/share/man/man1/mpif77.openmpi.1.gz --slave /usr/share/man/man1/mpif90.1.gz mpif90.1.gz /usr/share/man/man1/mpif90.openmpi.1.gz --slave /usr/share/man/man1/mpifort.1.gz mpifort.1.gz /usr/share/man/man1/mpifort.openmpi.1.gz --slave /usr/lib/x86_64-linux-gnu/pkgconfig/mpi.pc mpi.pc /usr/lib/x86_64-linux-gnu/pkgconfig/ompi.pc --slave /usr/lib/x86_64-linux-gnu/pkgconfig/mpi-fort.pc mpi-fort.pc /usr/lib/x86_64-linux-gnu/pkgconfig/ompi-fort.pc --slave /usr/lib/x86_64-linux-gnu/pkgconfig/mpi-c.pc mpi-c.pc /usr/lib/x86_64-linux-gnu/pkgconfig/ompi-c.pc --slave /usr/lib/x86_64-linux-gnu/pkgconfig/mpi-cxx.pc mpi-cxx.pc /usr/lib/x86_64-linux-gnu/pkgconfig/ompi-cxx.pc
update-alternatives 2019-03-12 01:13:41: link group mpi updated to point to /usr/lib/x86_64-linux-gnu/openmpi/include
update-alternatives 2019-03-12 01:13:41: run with --install /usr/bin/mpirun mpirun /usr/bin/mpirun.openmpi 50 --slave /usr/share/man/man1/mpirun.1.gz mpirun.1.gz /usr/share/man/man1/mpirun.openmpi.1.gz --slave /usr/bin/mpiexec mpiexec /usr/bin/mpiexec.openmpi --slave /usr/share/man/man1/mpiexec.1.gz mpiexec.1.gz /usr/share/man/man1/mpiexec.openmpi.1.gz
update-alternatives 2019-03-12 01:13:41: link group mpirun updated to point to /usr/bin/mpirun.openmpi
update-alternatives 2019-03-12 01:15:07: run with --install /usr/share/icons/default/index.theme x-cursor-theme /usr/share/icons/Adwaita/cursor.theme 90
update-alternatives 2019-03-12 01:15:07: link group x-cursor-theme updated to point to /usr/share/icons/Adwaita/cursor.theme
update-alternatives 2019-03-12 01:15:08: run with --install /usr/lib/wx/python/wx.pth wx.pth /usr/lib/wx/python/wx3.0.pth 30
update-alternatives 2019-03-12 01:15:08: link group wx.pth updated to point to /usr/lib/wx/python/wx3.0.pth
update-alternatives 2019-04-15 21:40:16: run with --install /usr/bin/vim vim /usr/bin/vim.basic 30
update-alternatives 2019-04-15 21:40:16: link group vim updated to point to /usr/bin/vim.basic
update-alternatives 2019-04-15 21:40:16: run with --install /usr/bin/vimdiff vimdiff /usr/bin/vim.basic 30
update-alternatives 2019-04-15 21:40:16: link group vimdiff updated to point to /usr/bin/vim.basic
update-alternatives 2019-04-15 21:40:16: run with --install /usr/bin/rvim rvim /usr/bin/vim.basic 30
update-alternatives 2019-04-15 21:40:16: link group rvim updated to point to /usr/bin/vim.basic
update-alternatives 2019-04-15 21:40:16: run with --install /usr/bin/rview rview /usr/bin/vim.basic 30
update-alternatives 2019-04-15 21:40:16: link group rview updated to point to /usr/bin/vim.basic
update-alternatives 2019-04-15 21:40:16: run with --install /usr/bin/vi vi /usr/bin/vim.basic 30 --slave /usr/share/man/fr/man1/vi.1.gz vi.fr.1.gz /usr/share/man/fr/man1/vim.1.gz --slave /usr/share/man/it/man1/vi.1.gz vi.it.1.gz /usr/share/man/it/man1/vim.1.gz --slave /usr/share/man/pl/man1/vi.1.gz vi.pl.1.gz /usr/share/man/pl/man1/vim.1.gz --slave /usr/share/man/ru/man1/vi.1.gz vi.ru.1.gz /usr/share/man/ru/man1/vim.1.gz --slave /usr/share/man/ja/man1/vi.1.gz vi.ja.1.gz /usr/share/man/ja/man1/vim.1.gz --slave /usr/share/man/man1/vi.1.gz vi.1.gz /usr/share/man/man1/vim.1.gz
update-alternatives 2019-04-15 21:40:16: link group vi updated to point to /usr/bin/vim.basic
update-alternatives 2019-04-15 21:40:16: run with --install /usr/bin/view view /usr/bin/vim.basic 30 --slave /usr/share/man/fr/man1/view.1.gz view.fr.1.gz /usr/share/man/fr/man1/vim.1.gz --slave /usr/share/man/it/man1/view.1.gz view.it.1.gz /usr/share/man/it/man1/vim.1.gz --slave /usr/share/man/pl/man1/view.1.gz view.pl.1.gz /usr/share/man/pl/man1/vim.1.gz --slave /usr/share/man/ru/man1/view.1.gz view.ru.1.gz /usr/share/man/ru/man1/vim.1.gz --slave /usr/share/man/ja/man1/view.1.gz view.ja.1.gz /usr/share/man/ja/man1/vim.1.gz --slave /usr/share/man/man1/view.1.gz view.1.gz /usr/share/man/man1/vim.1.gz
update-alternatives 2019-04-15 21:40:16: link group view updated to point to /usr/bin/vim.basic
update-alternatives 2019-04-15 21:40:16: run with --install /usr/bin/ex ex /usr/bin/vim.basic 30 --slave /usr/share/man/fr/man1/ex.1.gz ex.fr.1.gz /usr/share/man/fr/man1/vim.1.gz --slave /usr/share/man/it/man1/ex.1.gz ex.it.1.gz /usr/share/man/it/man1/vim.1.gz --slave /usr/share/man/pl/man1/ex.1.gz ex.pl.1.gz /usr/share/man/pl/man1/vim.1.gz --slave /usr/share/man/ru/man1/ex.1.gz ex.ru.1.gz /usr/share/man/ru/man1/vim.1.gz --slave /usr/share/man/ja/man1/ex.1.gz ex.ja.1.gz /usr/share/man/ja/man1/vim.1.gz --slave /usr/share/man/man1/ex.1.gz ex.1.gz /usr/share/man/man1/vim.1.gz
update-alternatives 2019-04-15 21:40:16: link group ex updated to point to /usr/bin/vim.basic
update-alternatives 2019-04-15 21:40:16: run with --install /usr/bin/editor editor /usr/bin/vim.basic 30 --slave /usr/share/man/fr/man1/editor.1.gz editor.fr.1.gz /usr/share/man/fr/man1/vim.1.gz --slave /usr/share/man/it/man1/editor.1.gz editor.it.1.gz /usr/share/man/it/man1/vim.1.gz --slave /usr/share/man/pl/man1/editor.1.gz editor.pl.1.gz /usr/share/man/pl/man1/vim.1.gz --slave /usr/share/man/ru/man1/editor.1.gz editor.ru.1.gz /usr/share/man/ru/man1/vim.1.gz --slave /usr/share/man/ja/man1/editor.1.gz editor.ja.1.gz /usr/share/man/ja/man1/vim.1.gz --slave /usr/share/man/man1/editor.1.gz editor.1.gz /usr/share/man/man1/vim.1.gz
update-alternatives 2019-04-15 21:40:16: link group editor updated to point to /usr/bin/vim.basic
